Release 14.7 - xst P.20131013 (nt64)
Copyright (c) 1995-2013 Xilinx, Inc.  All rights reserved.
--> Parameter TMPDIR set to xst/projnav.tmp


Total REAL time to Xst completion: 0.00 secs
Total CPU time to Xst completion: 0.08 secs
 
--> Parameter xsthdpdir set to xst


Total REAL time to Xst completion: 0.00 secs
Total CPU time to Xst completion: 0.08 secs
 
--> Reading design: top.prj

TABLE OF CONTENTS
  1) Synthesis Options Summary
  2) HDL Parsing
  3) HDL Elaboration
  4) HDL Synthesis
       4.1) HDL Synthesis Report
  5) Advanced HDL Synthesis
       5.1) Advanced HDL Synthesis Report
  6) Low Level Synthesis
  7) Partition Report
  8) Design Summary
       8.1) Primitive and Black Box Usage
       8.2) Device utilization summary
       8.3) Partition Resource Summary
       8.4) Timing Report
            8.4.1) Clock Information
            8.4.2) Asynchronous Control Signals Information
            8.4.3) Timing Summary
            8.4.4) Timing Details
            8.4.5) Cross Clock Domains Report


=========================================================================
*                      Synthesis Options Summary                        *
=========================================================================
---- Source Parameters
Input File Name                    : "top.prj"
Ignore Synthesis Constraint File   : NO

---- Target Parameters
Output File Name                   : "top"
Output Format                      : NGC
Target Device                      : xc7k160t-2L-ffg676

---- Source Options
Top Module Name                    : top
Automatic FSM Extraction           : YES
FSM Encoding Algorithm             : Auto
Safe Implementation                : No
FSM Style                          : LUT
RAM Extraction                     : Yes
RAM Style                          : Auto
ROM Extraction                     : Yes
Shift Register Extraction          : YES
ROM Style                          : Auto
Resource Sharing                   : YES
Asynchronous To Synchronous        : NO
Shift Register Minimum Size        : 2
Use DSP Block                      : Auto
Automatic Register Balancing       : No

---- Target Options
LUT Combining                      : Auto
Reduce Control Sets                : Auto
Add IO Buffers                     : YES
Global Maximum Fanout              : 100000
Add Generic Clock Buffer(BUFG)     : 32
Register Duplication               : YES
Optimize Instantiated Primitives   : NO
Use Clock Enable                   : Auto
Use Synchronous Set                : Auto
Use Synchronous Reset              : Auto
Pack IO Registers into IOBs        : Auto
Equivalent register Removal        : YES

---- General Options
Optimization Goal                  : Speed
Optimization Effort                : 1
Power Reduction                    : NO
Keep Hierarchy                     : No
Netlist Hierarchy                  : As_Optimized
RTL Output                         : Yes
Global Optimization                : AllClockNets
Read Cores                         : YES
Write Timing Constraints           : NO
Cross Clock Analysis               : NO
Hierarchy Separator                : /
Bus Delimiter                      : <>
Case Specifier                     : Maintain
Slice Utilization Ratio            : 100
BRAM Utilization Ratio             : 100
DSP48 Utilization Ratio            : 100
Auto BRAM Packing                  : NO
Slice Utilization Ratio Delta      : 5

---- Other Options
Cores Search Directories           : {"code/IO" "ipcore_dir"  }

=========================================================================


=========================================================================
*                          HDL Parsing                                  *
=========================================================================
Analyzing Verilog file "D:\ORG-Lab8\code\CPU\regfile.v" into library work
Parsing module <regfile>.
Analyzing Verilog file "D:\ORG-Lab8\code\CPU\pc.v" into library work
Parsing module <pc>.
Analyzing Verilog file "D:\ORG-Lab8\code\CPU\npc.v" into library work
Parsing verilog file "D:\ORG-Lab8\code\CPU\/define.v" included at line 1.
Parsing module <npc>.
Analyzing Verilog file "D:\ORG-Lab8\code\CPU\mux.v" into library work
Parsing module <mux>.
Analyzing Verilog file "D:\ORG-Lab8\code\CPU\flopr1.v" into library work
Parsing module <flopr1>.
Analyzing Verilog file "D:\ORG-Lab8\code\CPU\flopr.v" into library work
Parsing module <flopr>.
Analyzing Verilog file "D:\ORG-Lab8\code\CPU\ext.v" into library work
Parsing module <ext>.
Analyzing Verilog file "D:\ORG-Lab8\code\CPU\dm_input_sel.v" into library work
Parsing module <dm_input_sel>.
Analyzing Verilog file "D:\ORG-Lab8\code\CPU\ctrl.v" into library work
Parsing verilog file "D:\ORG-Lab8\code\CPU\/define.v" included at line 1.
Parsing module <ctrl>.
Analyzing Verilog file "D:\ORG-Lab8\code\CPU\alu.v" into library work
Parsing module <alu>.
Analyzing Verilog file "D:\ORG-Lab8\code\CPU\mips.v" into library work
Parsing verilog file "D:\ORG-Lab8\code\CPU\/define.v" included at line 4.
Parsing module <mips>.
Analyzing Verilog file "D:\ORG-Lab8\ipcore_dir\ROM_D.v" into library work
Parsing module <ROM_D>.
Analyzing Verilog file "D:\ORG-Lab8\ipcore_dir\RAM_B.v" into library work
Parsing module <RAM_B>.
Analyzing Verilog file "D:\ORG-Lab8\code\IO\SSeg7_Dev_IO.v" into library work
Parsing module <SSeg7_Dev>.
Analyzing Verilog file "D:\ORG-Lab8\code\IO\SPIO_IO.v" into library work
Parsing module <SPIO>.
Analyzing Verilog file "D:\ORG-Lab8\code\IO\SEnter_2_32_IO.v" into library work
Parsing module <SEnter_2_32>.
Analyzing Verilog file "D:\ORG-Lab8\code\IO\SCPU.v" into library work
Parsing module <SCPU>.
Analyzing Verilog file "D:\ORG-Lab8\code\IO\SAnti_jitter_IO.v" into library work
Parsing module <SAnti_jitter>.
Analyzing Verilog file "D:\ORG-Lab8\code\IO\Multi_8CH32_IO.v" into library work
Parsing module <Multi_8CH32>.
Analyzing Verilog file "D:\ORG-Lab8\code\IO\MIO_BUS_IO.v" into library work
Parsing module <MIO_BUS>.
Analyzing Verilog file "D:\ORG-Lab8\code\IO\Counter_3_IO.v" into library work
Parsing module <Counter_x>.
Analyzing Verilog file "D:\ORG-Lab8\code\IO\clk_div.v" into library work
Parsing module <clk_div>.
Analyzing Verilog file "D:\ORG-Lab8\code\top.v" into library work
Parsing module <top>.

=========================================================================
*                            HDL Elaboration                            *
=========================================================================

Elaborating module <top>.

Elaborating module <SCPU>.

Elaborating module <mips>.

Elaborating module <ctrl>.

Elaborating module <npc>.

Elaborating module <pc>.

Elaborating module <flopr>.
WARNING:HDLCompiler:1127 - "D:\ORG-Lab8\code\CPU\mips.v" Line 119: Assignment to im_addr ignored, since the identifier is never used
WARNING:HDLCompiler:1127 - "D:\ORG-Lab8\code\CPU\mips.v" Line 124: Assignment to dm_addr ignored, since the identifier is never used
WARNING:HDLCompiler:1127 - "D:\ORG-Lab8\code\CPU\mips.v" Line 125: Assignment to be ignored, since the identifier is never used

Elaborating module <flopr1>.

Elaborating module <dm_input_sel>.

Elaborating module <mux(num=4,sigwid=2,width=5)>.
WARNING:HDLCompiler:295 - "D:\ORG-Lab8\code\CPU\mux.v" Line 37: case condition never applies
WARNING:HDLCompiler:295 - "D:\ORG-Lab8\code\CPU\mux.v" Line 39: case condition never applies
WARNING:HDLCompiler:295 - "D:\ORG-Lab8\code\CPU\mux.v" Line 41: case condition never applies
WARNING:HDLCompiler:295 - "D:\ORG-Lab8\code\CPU\mux.v" Line 43: case condition never applies
WARNING:HDLCompiler:295 - "D:\ORG-Lab8\code\CPU\mux.v" Line 45: case condition never applies
WARNING:HDLCompiler:295 - "D:\ORG-Lab8\code\CPU\mux.v" Line 47: case condition never applies
WARNING:HDLCompiler:295 - "D:\ORG-Lab8\code\CPU\mux.v" Line 49: case condition never applies
WARNING:HDLCompiler:295 - "D:\ORG-Lab8\code\CPU\mux.v" Line 51: case condition never applies
WARNING:HDLCompiler:295 - "D:\ORG-Lab8\code\CPU\mux.v" Line 53: case condition never applies
WARNING:HDLCompiler:295 - "D:\ORG-Lab8\code\CPU\mux.v" Line 55: case condition never applies
WARNING:HDLCompiler:295 - "D:\ORG-Lab8\code\CPU\mux.v" Line 57: case condition never applies
WARNING:HDLCompiler:295 - "D:\ORG-Lab8\code\CPU\mux.v" Line 59: case condition never applies

Elaborating module <mux(num=4,sigwid=2,width=32)>.
WARNING:HDLCompiler:295 - "D:\ORG-Lab8\code\CPU\mux.v" Line 37: case condition never applies
WARNING:HDLCompiler:295 - "D:\ORG-Lab8\code\CPU\mux.v" Line 39: case condition never applies
WARNING:HDLCompiler:295 - "D:\ORG-Lab8\code\CPU\mux.v" Line 41: case condition never applies
WARNING:HDLCompiler:295 - "D:\ORG-Lab8\code\CPU\mux.v" Line 43: case condition never applies
WARNING:HDLCompiler:295 - "D:\ORG-Lab8\code\CPU\mux.v" Line 45: case condition never applies
WARNING:HDLCompiler:295 - "D:\ORG-Lab8\code\CPU\mux.v" Line 47: case condition never applies
WARNING:HDLCompiler:295 - "D:\ORG-Lab8\code\CPU\mux.v" Line 49: case condition never applies
WARNING:HDLCompiler:295 - "D:\ORG-Lab8\code\CPU\mux.v" Line 51: case condition never applies
WARNING:HDLCompiler:295 - "D:\ORG-Lab8\code\CPU\mux.v" Line 53: case condition never applies
WARNING:HDLCompiler:295 - "D:\ORG-Lab8\code\CPU\mux.v" Line 55: case condition never applies
WARNING:HDLCompiler:295 - "D:\ORG-Lab8\code\CPU\mux.v" Line 57: case condition never applies
WARNING:HDLCompiler:295 - "D:\ORG-Lab8\code\CPU\mux.v" Line 59: case condition never applies

Elaborating module <regfile>.

Elaborating module <ext>.

Elaborating module <alu>.
WARNING:HDLCompiler:1127 - "D:\ORG-Lab8\code\top.v" Line 125: Assignment to CPU_MIO ignored, since the identifier is never used

Elaborating module <ROM_D>.
WARNING:HDLCompiler:1499 - "D:\ORG-Lab8\ipcore_dir\ROM_D.v" Line 39: Empty module <ROM_D> remains a black box.

Elaborating module <RAM_B>.
WARNING:HDLCompiler:1499 - "D:\ORG-Lab8\ipcore_dir\RAM_B.v" Line 39: Empty module <RAM_B> remains a black box.

Elaborating module <MIO_BUS>.
WARNING:HDLCompiler:1499 - "D:\ORG-Lab8\code\IO\MIO_BUS_IO.v" Line 21: Empty module <MIO_BUS> remains a black box.

Elaborating module <Multi_8CH32>.
WARNING:HDLCompiler:1499 - "D:\ORG-Lab8\code\IO\Multi_8CH32_IO.v" Line 21: Empty module <Multi_8CH32> remains a black box.

Elaborating module <SSeg7_Dev>.
WARNING:HDLCompiler:1499 - "D:\ORG-Lab8\code\IO\SSeg7_Dev_IO.v" Line 21: Empty module <SSeg7_Dev> remains a black box.

Elaborating module <SPIO>.
WARNING:HDLCompiler:1499 - "D:\ORG-Lab8\code\IO\SPIO_IO.v" Line 21: Empty module <SPIO> remains a black box.
WARNING:HDLCompiler:1127 - "D:\ORG-Lab8\code\top.v" Line 198: Assignment to GPIOf0 ignored, since the identifier is never used

Elaborating module <clk_div>.

Elaborating module <SAnti_jitter>.
WARNING:HDLCompiler:1499 - "D:\ORG-Lab8\code\IO\SAnti_jitter_IO.v" Line 21: Empty module <SAnti_jitter> remains a black box.
WARNING:HDLCompiler:1127 - "D:\ORG-Lab8\code\top.v" Line 219: Assignment to Pulse ignored, since the identifier is never used

Elaborating module <Counter_x>.
WARNING:HDLCompiler:1127 - "D:\ORG-Lab8\code\IO\Counter_3_IO.v" Line 43: Assignment to M2 ignored, since the identifier is never used
WARNING:HDLCompiler:634 - "D:\ORG-Lab8\code\IO\Counter_3_IO.v" Line 36: Net <counter1[32]> does not have a driver.

Elaborating module <SEnter_2_32>.
WARNING:HDLCompiler:1499 - "D:\ORG-Lab8\code\IO\SEnter_2_32_IO.v" Line 21: Empty module <SEnter_2_32> remains a black box.
WARNING:HDLCompiler:1127 - "D:\ORG-Lab8\code\top.v" Line 243: Assignment to Ai ignored, since the identifier is never used
WARNING:HDLCompiler:1127 - "D:\ORG-Lab8\code\top.v" Line 244: Assignment to Bi ignored, since the identifier is never used
WARNING:HDLCompiler:1127 - "D:\ORG-Lab8\code\top.v" Line 245: Assignment to blink ignored, since the identifier is never used

=========================================================================
*                           HDL Synthesis                               *
=========================================================================

Synthesizing Unit <top>.
    Related source file is "D:\ORG-Lab8\code\top.v".
INFO:Xst:3210 - "D:\ORG-Lab8\code\top.v" line 116: Output port <CPU_MIO> of the instance <U1> is unconnected or connected to loadless signal.
INFO:Xst:3210 - "D:\ORG-Lab8\code\top.v" line 191: Output port <GPIOf0> of the instance <U7> is unconnected or connected to loadless signal.
INFO:Xst:3210 - "D:\ORG-Lab8\code\top.v" line 210: Output port <pulse_out> of the instance <U9> is unconnected or connected to loadless signal.
INFO:Xst:3210 - "D:\ORG-Lab8\code\top.v" line 237: Output port <Ai> of the instance <M4> is unconnected or connected to loadless signal.
INFO:Xst:3210 - "D:\ORG-Lab8\code\top.v" line 237: Output port <Bi> of the instance <M4> is unconnected or connected to loadless signal.
INFO:Xst:3210 - "D:\ORG-Lab8\code\top.v" line 237: Output port <blink> of the instance <M4> is unconnected or connected to loadless signal.
    Summary:
	no macro.
Unit <top> synthesized.

Synthesizing Unit <SCPU>.
    Related source file is "D:\ORG-Lab8\code\IO\SCPU.v".
    Summary:
	no macro.
Unit <SCPU> synthesized.

Synthesizing Unit <mips>.
    Related source file is "D:\ORG-Lab8\code\CPU\mips.v".
WARNING:Xst:647 - Input <MIO_ready> is never used. This port will be preserved and left unconnected if it belongs to a top-level block or it belongs to a sub-block and the hierarchy of this sub-block is preserved.
WARNING:Xst:647 - Input <INT> is never used. This port will be preserved and left unconnected if it belongs to a top-level block or it belongs to a sub-block and the hierarchy of this sub-block is preserved.
INFO:Xst:3210 - "D:\ORG-Lab8\code\CPU\mips.v" line 93: Output port <Be_high> of the instance <my_ctrl> is unconnected or connected to loadless signal.
WARNING:Xst:653 - Signal <CPU_MIO> is used but never assigned. This sourceless signal will be automatically connected to value GND.
    Summary:
	no macro.
Unit <mips> synthesized.

Synthesizing Unit <ctrl>.
    Related source file is "D:\ORG-Lab8\code\CPU\ctrl.v".
WARNING:Xst:647 - Input <Zero> is never used. This port will be preserved and left unconnected if it belongs to a top-level block or it belongs to a sub-block and the hierarchy of this sub-block is preserved.
    Found 4-bit register for signal <status>.
    Found 3-bit register for signal <group>.
    Found 1-bit register for signal <RegWrite>.
    Found 1-bit register for signal <PCWrite>.
    Found 1-bit register for signal <DMWrite>.
    Found 1-bit register for signal <IRWrite>.
    Found 2-bit register for signal <RegSource>.
    Found 2-bit register for signal <RegDst>.
    Found 2-bit register for signal <DMSource>.
    Found 2-bit register for signal <Be_high>.
    Found 2-bit register for signal <PCSel>.
    Found 2-bit register for signal <ALUSrcA>.
    Found 2-bit register for signal <ALUSrcB>.
    Found 5-bit register for signal <ALUOp>.
    Found 2-bit register for signal <EXTOp>.
    Found finite state machine <FSM_0> for signal <status>.
    -----------------------------------------------------------------------
    | States             | 10                                             |
    | Transitions        | 15                                             |
    | Inputs             | 4                                              |
    | Outputs            | 11                                             |
    | Clock              | clk (falling_edge)                             |
    | Reset              | rst (positive)                                 |
    | Reset type         | asynchronous                                   |
    | Reset State        | 1001                                           |
    | Encoding           | auto                                           |
    | Implementation     | LUT                                            |
    -----------------------------------------------------------------------
    Summary:
	inferred  28 D-type flip-flop(s).
	inferred  39 Multiplexer(s).
	inferred   1 Finite State Machine(s).
Unit <ctrl> synthesized.

Synthesizing Unit <npc>.
    Related source file is "D:\ORG-Lab8\code\CPU\npc.v".
    Found 32-bit 4-to-1 multiplexer for signal <npc_o> created at line 17.
    Summary:
	inferred   4 Multiplexer(s).
Unit <npc> synthesized.

Synthesizing Unit <pc>.
    Related source file is "D:\ORG-Lab8\code\CPU\pc.v".
    Found 32-bit register for signal <pc_o>.
    Summary:
	inferred  32 D-type flip-flop(s).
Unit <pc> synthesized.

Synthesizing Unit <flopr>.
    Related source file is "D:\ORG-Lab8\code\CPU\flopr.v".
        sigwid = 1
        width = 32
    Found 32-bit register for signal <q>.
    Summary:
	inferred  32 D-type flip-flop(s).
Unit <flopr> synthesized.

Synthesizing Unit <flopr1>.
    Related source file is "D:\ORG-Lab8\code\CPU\flopr1.v".
        width = 32
    Found 32-bit register for signal <q>.
    Summary:
	inferred  32 D-type flip-flop(s).
Unit <flopr1> synthesized.

Synthesizing Unit <dm_input_sel>.
    Related source file is "D:\ORG-Lab8\code\CPU\dm_input_sel.v".
WARNING:Xst:737 - Found 1-bit latch for signal <q<30>>. Latches may be generated from incomplete case or if statements. We do not recommend the use of latches in FPGA/CPLD designs, as they may lead to timing problems.
WARNING:Xst:737 - Found 1-bit latch for signal <q<29>>. Latches may be generated from incomplete case or if statements. We do not recommend the use of latches in FPGA/CPLD designs, as they may lead to timing problems.
WARNING:Xst:737 - Found 1-bit latch for signal <q<28>>. Latches may be generated from incomplete case or if statements. We do not recommend the use of latches in FPGA/CPLD designs, as they may lead to timing problems.
WARNING:Xst:737 - Found 1-bit latch for signal <q<27>>. Latches may be generated from incomplete case or if statements. We do not recommend the use of latches in FPGA/CPLD designs, as they may lead to timing problems.
WARNING:Xst:737 - Found 1-bit latch for signal <q<26>>. Latches may be generated from incomplete case or if statements. We do not recommend the use of latches in FPGA/CPLD designs, as they may lead to timing problems.
WARNING:Xst:737 - Found 1-bit latch for signal <q<25>>. Latches may be generated from incomplete case or if statements. We do not recommend the use of latches in FPGA/CPLD designs, as they may lead to timing problems.
WARNING:Xst:737 - Found 1-bit latch for signal <q<24>>. Latches may be generated from incomplete case or if statements. We do not recommend the use of latches in FPGA/CPLD designs, as they may lead to timing problems.
WARNING:Xst:737 - Found 1-bit latch for signal <q<23>>. Latches may be generated from incomplete case or if statements. We do not recommend the use of latches in FPGA/CPLD designs, as they may lead to timing problems.
WARNING:Xst:737 - Found 1-bit latch for signal <q<22>>. Latches may be generated from incomplete case or if statements. We do not recommend the use of latches in FPGA/CPLD designs, as they may lead to timing problems.
WARNING:Xst:737 - Found 1-bit latch for signal <q<21>>. Latches may be generated from incomplete case or if statements. We do not recommend the use of latches in FPGA/CPLD designs, as they may lead to timing problems.
WARNING:Xst:737 - Found 1-bit latch for signal <q<20>>. Latches may be generated from incomplete case or if statements. We do not recommend the use of latches in FPGA/CPLD designs, as they may lead to timing problems.
WARNING:Xst:737 - Found 1-bit latch for signal <q<19>>. Latches may be generated from incomplete case or if statements. We do not recommend the use of latches in FPGA/CPLD designs, as they may lead to timing problems.
WARNING:Xst:737 - Found 1-bit latch for signal <q<18>>. Latches may be generated from incomplete case or if statements. We do not recommend the use of latches in FPGA/CPLD designs, as they may lead to timing problems.
WARNING:Xst:737 - Found 1-bit latch for signal <q<17>>. Latches may be generated from incomplete case or if statements. We do not recommend the use of latches in FPGA/CPLD designs, as they may lead to timing problems.
WARNING:Xst:737 - Found 1-bit latch for signal <q<16>>. Latches may be generated from incomplete case or if statements. We do not recommend the use of latches in FPGA/CPLD designs, as they may lead to timing problems.
WARNING:Xst:737 - Found 1-bit latch for signal <q<15>>. Latches may be generated from incomplete case or if statements. We do not recommend the use of latches in FPGA/CPLD designs, as they may lead to timing problems.
WARNING:Xst:737 - Found 1-bit latch for signal <q<14>>. Latches may be generated from incomplete case or if statements. We do not recommend the use of latches in FPGA/CPLD designs, as they may lead to timing problems.
WARNING:Xst:737 - Found 1-bit latch for signal <q<13>>. Latches may be generated from incomplete case or if statements. We do not recommend the use of latches in FPGA/CPLD designs, as they may lead to timing problems.
WARNING:Xst:737 - Found 1-bit latch for signal <q<12>>. Latches may be generated from incomplete case or if statements. We do not recommend the use of latches in FPGA/CPLD designs, as they may lead to timing problems.
WARNING:Xst:737 - Found 1-bit latch for signal <q<11>>. Latches may be generated from incomplete case or if statements. We do not recommend the use of latches in FPGA/CPLD designs, as they may lead to timing problems.
WARNING:Xst:737 - Found 1-bit latch for signal <q<10>>. Latches may be generated from incomplete case or if statements. We do not recommend the use of latches in FPGA/CPLD designs, as they may lead to timing problems.
WARNING:Xst:737 - Found 1-bit latch for signal <q<9>>. Latches may be generated from incomplete case or if statements. We do not recommend the use of latches in FPGA/CPLD designs, as they may lead to timing problems.
WARNING:Xst:737 - Found 1-bit latch for signal <q<8>>. Latches may be generated from incomplete case or if statements. We do not recommend the use of latches in FPGA/CPLD designs, as they may lead to timing problems.
WARNING:Xst:737 - Found 1-bit latch for signal <q<7>>. Latches may be generated from incomplete case or if statements. We do not recommend the use of latches in FPGA/CPLD designs, as they may lead to timing problems.
WARNING:Xst:737 - Found 1-bit latch for signal <q<6>>. Latches may be generated from incomplete case or if statements. We do not recommend the use of latches in FPGA/CPLD designs, as they may lead to timing problems.
WARNING:Xst:737 - Found 1-bit latch for signal <q<5>>. Latches may be generated from incomplete case or if statements. We do not recommend the use of latches in FPGA/CPLD designs, as they may lead to timing problems.
WARNING:Xst:737 - Found 1-bit latch for signal <q<4>>. Latches may be generated from incomplete case or if statements. We do not recommend the use of latches in FPGA/CPLD designs, as they may lead to timing problems.
WARNING:Xst:737 - Found 1-bit latch for signal <q<3>>. Latches may be generated from incomplete case or if statements. We do not recommend the use of latches in FPGA/CPLD designs, as they may lead to timing problems.
WARNING:Xst:737 - Found 1-bit latch for signal <q<2>>. Latches may be generated from incomplete case or if statements. We do not recommend the use of latches in FPGA/CPLD designs, as they may lead to timing problems.
WARNING:Xst:737 - Found 1-bit latch for signal <q<1>>. Latches may be generated from incomplete case or if statements. We do not recommend the use of latches in FPGA/CPLD designs, as they may lead to timing problems.
WARNING:Xst:737 - Found 1-bit latch for signal <q<0>>. Latches may be generated from incomplete case or if statements. We do not recommend the use of latches in FPGA/CPLD designs, as they may lead to timing problems.
WARNING:Xst:737 - Found 1-bit latch for signal <q<31>>. Latches may be generated from incomplete case or if statements. We do not recommend the use of latches in FPGA/CPLD designs, as they may lead to timing problems.
    Summary:
	inferred  32 Latch(s).
	inferred  24 Multiplexer(s).
Unit <dm_input_sel> synthesized.

Synthesizing Unit <mux_1>.
    Related source file is "D:\ORG-Lab8\code\CPU\mux.v".
        num = 4
        sigwid = 2
        width = 5
WARNING:Xst:647 - Input <d4> is never used. This port will be preserved and left unconnected if it belongs to a top-level block or it belongs to a sub-block and the hierarchy of this sub-block is preserved.
WARNING:Xst:647 - Input <d5> is never used. This port will be preserved and left unconnected if it belongs to a top-level block or it belongs to a sub-block and the hierarchy of this sub-block is preserved.
WARNING:Xst:647 - Input <d6> is never used. This port will be preserved and left unconnected if it belongs to a top-level block or it belongs to a sub-block and the hierarchy of this sub-block is preserved.
WARNING:Xst:647 - Input <d7> is never used. This port will be preserved and left unconnected if it belongs to a top-level block or it belongs to a sub-block and the hierarchy of this sub-block is preserved.
WARNING:Xst:647 - Input <d8> is never used. This port will be preserved and left unconnected if it belongs to a top-level block or it belongs to a sub-block and the hierarchy of this sub-block is preserved.
WARNING:Xst:647 - Input <d9> is never used. This port will be preserved and left unconnected if it belongs to a top-level block or it belongs to a sub-block and the hierarchy of this sub-block is preserved.
WARNING:Xst:647 - Input <d10> is never used. This port will be preserved and left unconnected if it belongs to a top-level block or it belongs to a sub-block and the hierarchy of this sub-block is preserved.
WARNING:Xst:647 - Input <d11> is never used. This port will be preserved and left unconnected if it belongs to a top-level block or it belongs to a sub-block and the hierarchy of this sub-block is preserved.
WARNING:Xst:647 - Input <d12> is never used. This port will be preserved and left unconnected if it belongs to a top-level block or it belongs to a sub-block and the hierarchy of this sub-block is preserved.
WARNING:Xst:647 - Input <d13> is never used. This port will be preserved and left unconnected if it belongs to a top-level block or it belongs to a sub-block and the hierarchy of this sub-block is preserved.
WARNING:Xst:647 - Input <d14> is never used. This port will be preserved and left unconnected if it belongs to a top-level block or it belongs to a sub-block and the hierarchy of this sub-block is preserved.
WARNING:Xst:647 - Input <d15> is never used. This port will be preserved and left unconnected if it belongs to a top-level block or it belongs to a sub-block and the hierarchy of this sub-block is preserved.
    Found 5-bit 4-to-1 multiplexer for signal <y> created at line 27.
    Summary:
	inferred   1 Multiplexer(s).
Unit <mux_1> synthesized.

Synthesizing Unit <mux_2>.
    Related source file is "D:\ORG-Lab8\code\CPU\mux.v".
        num = 4
        sigwid = 2
        width = 32
WARNING:Xst:647 - Input <d4> is never used. This port will be preserved and left unconnected if it belongs to a top-level block or it belongs to a sub-block and the hierarchy of this sub-block is preserved.
WARNING:Xst:647 - Input <d5> is never used. This port will be preserved and left unconnected if it belongs to a top-level block or it belongs to a sub-block and the hierarchy of this sub-block is preserved.
WARNING:Xst:647 - Input <d6> is never used. This port will be preserved and left unconnected if it belongs to a top-level block or it belongs to a sub-block and the hierarchy of this sub-block is preserved.
WARNING:Xst:647 - Input <d7> is never used. This port will be preserved and left unconnected if it belongs to a top-level block or it belongs to a sub-block and the hierarchy of this sub-block is preserved.
WARNING:Xst:647 - Input <d8> is never used. This port will be preserved and left unconnected if it belongs to a top-level block or it belongs to a sub-block and the hierarchy of this sub-block is preserved.
WARNING:Xst:647 - Input <d9> is never used. This port will be preserved and left unconnected if it belongs to a top-level block or it belongs to a sub-block and the hierarchy of this sub-block is preserved.
WARNING:Xst:647 - Input <d10> is never used. This port will be preserved and left unconnected if it belongs to a top-level block or it belongs to a sub-block and the hierarchy of this sub-block is preserved.
WARNING:Xst:647 - Input <d11> is never used. This port will be preserved and left unconnected if it belongs to a top-level block or it belongs to a sub-block and the hierarchy of this sub-block is preserved.
WARNING:Xst:647 - Input <d12> is never used. This port will be preserved and left unconnected if it belongs to a top-level block or it belongs to a sub-block and the hierarchy of this sub-block is preserved.
WARNING:Xst:647 - Input <d13> is never used. This port will be preserved and left unconnected if it belongs to a top-level block or it belongs to a sub-block and the hierarchy of this sub-block is preserved.
WARNING:Xst:647 - Input <d14> is never used. This port will be preserved and left unconnected if it belongs to a top-level block or it belongs to a sub-block and the hierarchy of this sub-block is preserved.
WARNING:Xst:647 - Input <d15> is never used. This port will be preserved and left unconnected if it belongs to a top-level block or it belongs to a sub-block and the hierarchy of this sub-block is preserved.
    Found 32-bit 4-to-1 multiplexer for signal <y> created at line 27.
    Summary:
	inferred   1 Multiplexer(s).
Unit <mux_2> synthesized.

Synthesizing Unit <regfile>.
    Related source file is "D:\ORG-Lab8\code\CPU\regfile.v".
    Found 32x32-bit dual-port RAM <Mram_regs> for signal <regs>.
    Summary:
	inferred   2 RAM(s).
Unit <regfile> synthesized.

Synthesizing Unit <ext>.
    Related source file is "D:\ORG-Lab8\code\CPU\ext.v".
WARNING:Xst:737 - Found 1-bit latch for signal <extout_o<30>>. Latches may be generated from incomplete case or if statements. We do not recommend the use of latches in FPGA/CPLD designs, as they may lead to timing problems.
WARNING:Xst:737 - Found 1-bit latch for signal <extout_o<15>>. Latches may be generated from incomplete case or if statements. We do not recommend the use of latches in FPGA/CPLD designs, as they may lead to timing problems.
WARNING:Xst:737 - Found 1-bit latch for signal <extout_o<14>>. Latches may be generated from incomplete case or if statements. We do not recommend the use of latches in FPGA/CPLD designs, as they may lead to timing problems.
WARNING:Xst:737 - Found 1-bit latch for signal <extout_o<13>>. Latches may be generated from incomplete case or if statements. We do not recommend the use of latches in FPGA/CPLD designs, as they may lead to timing problems.
WARNING:Xst:737 - Found 1-bit latch for signal <extout_o<12>>. Latches may be generated from incomplete case or if statements. We do not recommend the use of latches in FPGA/CPLD designs, as they may lead to timing problems.
WARNING:Xst:737 - Found 1-bit latch for signal <extout_o<11>>. Latches may be generated from incomplete case or if statements. We do not recommend the use of latches in FPGA/CPLD designs, as they may lead to timing problems.
WARNING:Xst:737 - Found 1-bit latch for signal <extout_o<10>>. Latches may be generated from incomplete case or if statements. We do not recommend the use of latches in FPGA/CPLD designs, as they may lead to timing problems.
WARNING:Xst:737 - Found 1-bit latch for signal <extout_o<9>>. Latches may be generated from incomplete case or if statements. We do not recommend the use of latches in FPGA/CPLD designs, as they may lead to timing problems.
WARNING:Xst:737 - Found 1-bit latch for signal <extout_o<8>>. Latches may be generated from incomplete case or if statements. We do not recommend the use of latches in FPGA/CPLD designs, as they may lead to timing problems.
WARNING:Xst:737 - Found 1-bit latch for signal <extout_o<7>>. Latches may be generated from incomplete case or if statements. We do not recommend the use of latches in FPGA/CPLD designs, as they may lead to timing problems.
WARNING:Xst:737 - Found 1-bit latch for signal <extout_o<6>>. Latches may be generated from incomplete case or if statements. We do not recommend the use of latches in FPGA/CPLD designs, as they may lead to timing problems.
WARNING:Xst:737 - Found 1-bit latch for signal <extout_o<5>>. Latches may be generated from incomplete case or if statements. We do not recommend the use of latches in FPGA/CPLD designs, as they may lead to timing problems.
WARNING:Xst:737 - Found 1-bit latch for signal <extout_o<4>>. Latches may be generated from incomplete case or if statements. We do not recommend the use of latches in FPGA/CPLD designs, as they may lead to timing problems.
WARNING:Xst:737 - Found 1-bit latch for signal <extout_o<3>>. Latches may be generated from incomplete case or if statements. We do not recommend the use of latches in FPGA/CPLD designs, as they may lead to timing problems.
WARNING:Xst:737 - Found 1-bit latch for signal <extout_o<2>>. Latches may be generated from incomplete case or if statements. We do not recommend the use of latches in FPGA/CPLD designs, as they may lead to timing problems.
WARNING:Xst:737 - Found 1-bit latch for signal <extout_o<1>>. Latches may be generated from incomplete case or if statements. We do not recommend the use of latches in FPGA/CPLD designs, as they may lead to timing problems.
WARNING:Xst:737 - Found 1-bit latch for signal <extout_o<0>>. Latches may be generated from incomplete case or if statements. We do not recommend the use of latches in FPGA/CPLD designs, as they may lead to timing problems.
    Summary:
	inferred  17 Latch(s).
	inferred  17 Multiplexer(s).
Unit <ext> synthesized.

Synthesizing Unit <alu>.
    Related source file is "D:\ORG-Lab8\code\CPU\alu.v".
    Found 32-bit subtractor for signal <d0_i[31]_d1_i[31]_sub_2_OUT> created at line 21.
    Found 32-bit adder for signal <d0_i[31]_d1_i[31]_add_0_OUT> created at line 18.
    Found 32-bit shifter logical left for signal <d1_i[31]_d0_i[31]_shift_left_8_OUT> created at line 33
    Found 32-bit shifter logical right for signal <d1_i[31]_d0_i[31]_shift_right_10_OUT> created at line 37
    Found 32-bit shifter logical left for signal <d1_i[31]_d0_i[5]_shift_left_18_OUT> created at line 51
    Found 32-bit shifter logical right for signal <d1_i[31]_d0_i[5]_shift_right_20_OUT> created at line 55
    Found 32x2-bit Read Only RAM for signal <_n0204>
WARNING:Xst:737 - Found 1-bit latch for signal <result_o<30>>. Latches may be generated from incomplete case or if statements. We do not recommend the use of latches in FPGA/CPLD designs, as they may lead to timing problems.
WARNING:Xst:737 - Found 1-bit latch for signal <result_o<29>>. Latches may be generated from incomplete case or if statements. We do not recommend the use of latches in FPGA/CPLD designs, as they may lead to timing problems.
WARNING:Xst:737 - Found 1-bit latch for signal <result_o<28>>. Latches may be generated from incomplete case or if statements. We do not recommend the use of latches in FPGA/CPLD designs, as they may lead to timing problems.
WARNING:Xst:737 - Found 1-bit latch for signal <result_o<27>>. Latches may be generated from incomplete case or if statements. We do not recommend the use of latches in FPGA/CPLD designs, as they may lead to timing problems.
WARNING:Xst:737 - Found 1-bit latch for signal <result_o<26>>. Latches may be generated from incomplete case or if statements. We do not recommend the use of latches in FPGA/CPLD designs, as they may lead to timing problems.
WARNING:Xst:737 - Found 1-bit latch for signal <result_o<25>>. Latches may be generated from incomplete case or if statements. We do not recommend the use of latches in FPGA/CPLD designs, as they may lead to timing problems.
WARNING:Xst:737 - Found 1-bit latch for signal <result_o<24>>. Latches may be generated from incomplete case or if statements. We do not recommend the use of latches in FPGA/CPLD designs, as they may lead to timing problems.
WARNING:Xst:737 - Found 1-bit latch for signal <result_o<23>>. Latches may be generated from incomplete case or if statements. We do not recommend the use of latches in FPGA/CPLD designs, as they may lead to timing problems.
WARNING:Xst:737 - Found 1-bit latch for signal <result_o<22>>. Latches may be generated from incomplete case or if statements. We do not recommend the use of latches in FPGA/CPLD designs, as they may lead to timing problems.
WARNING:Xst:737 - Found 1-bit latch for signal <result_o<21>>. Latches may be generated from incomplete case or if statements. We do not recommend the use of latches in FPGA/CPLD designs, as they may lead to timing problems.
WARNING:Xst:737 - Found 1-bit latch for signal <result_o<20>>. Latches may be generated from incomplete case or if statements. We do not recommend the use of latches in FPGA/CPLD designs, as they may lead to timing problems.
WARNING:Xst:737 - Found 1-bit latch for signal <result_o<19>>. Latches may be generated from incomplete case or if statements. We do not recommend the use of latches in FPGA/CPLD designs, as they may lead to timing problems.
WARNING:Xst:737 - Found 1-bit latch for signal <result_o<18>>. Latches may be generated from incomplete case or if statements. We do not recommend the use of latches in FPGA/CPLD designs, as they may lead to timing problems.
WARNING:Xst:737 - Found 1-bit latch for signal <result_o<17>>. Latches may be generated from incomplete case or if statements. We do not recommend the use of latches in FPGA/CPLD designs, as they may lead to timing problems.
WARNING:Xst:737 - Found 1-bit latch for signal <result_o<16>>. Latches may be generated from incomplete case or if statements. We do not recommend the use of latches in FPGA/CPLD designs, as they may lead to timing problems.
WARNING:Xst:737 - Found 1-bit latch for signal <result_o<15>>. Latches may be generated from incomplete case or if statements. We do not recommend the use of latches in FPGA/CPLD designs, as they may lead to timing problems.
WARNING:Xst:737 - Found 1-bit latch for signal <result_o<14>>. Latches may be generated from incomplete case or if statements. We do not recommend the use of latches in FPGA/CPLD designs, as they may lead to timing problems.
WARNING:Xst:737 - Found 1-bit latch for signal <result_o<13>>. Latches may be generated from incomplete case or if statements. We do not recommend the use of latches in FPGA/CPLD designs, as they may lead to timing problems.
WARNING:Xst:737 - Found 1-bit latch for signal <result_o<12>>. Latches may be generated from incomplete case or if statements. We do not recommend the use of latches in FPGA/CPLD designs, as they may lead to timing problems.
WARNING:Xst:737 - Found 1-bit latch for signal <result_o<11>>. Latches may be generated from incomplete case or if statements. We do not recommend the use of latches in FPGA/CPLD designs, as they may lead to timing problems.
WARNING:Xst:737 - Found 1-bit latch for signal <result_o<10>>. Latches may be generated from incomplete case or if statements. We do not recommend the use of latches in FPGA/CPLD designs, as they may lead to timing problems.
WARNING:Xst:737 - Found 1-bit latch for signal <result_o<9>>. Latches may be generated from incomplete case or if statements. We do not recommend the use of latches in FPGA/CPLD designs, as they may lead to timing problems.
WARNING:Xst:737 - Found 1-bit latch for signal <result_o<8>>. Latches may be generated from incomplete case or if statements. We do not recommend the use of latches in FPGA/CPLD designs, as they may lead to timing problems.
WARNING:Xst:737 - Found 1-bit latch for signal <result_o<7>>. Latches may be generated from incomplete case or if statements. We do not recommend the use of latches in FPGA/CPLD designs, as they may lead to timing problems.
WARNING:Xst:737 - Found 1-bit latch for signal <result_o<6>>. Latches may be generated from incomplete case or if statements. We do not recommend the use of latches in FPGA/CPLD designs, as they may lead to timing problems.
WARNING:Xst:737 - Found 1-bit latch for signal <result_o<5>>. Latches may be generated from incomplete case or if statements. We do not recommend the use of latches in FPGA/CPLD designs, as they may lead to timing problems.
WARNING:Xst:737 - Found 1-bit latch for signal <result_o<4>>. Latches may be generated from incomplete case or if statements. We do not recommend the use of latches in FPGA/CPLD designs, as they may lead to timing problems.
WARNING:Xst:737 - Found 1-bit latch for signal <result_o<3>>. Latches may be generated from incomplete case or if statements. We do not recommend the use of latches in FPGA/CPLD designs, as they may lead to timing problems.
WARNING:Xst:737 - Found 1-bit latch for signal <result_o<2>>. Latches may be generated from incomplete case or if statements. We do not recommend the use of latches in FPGA/CPLD designs, as they may lead to timing problems.
WARNING:Xst:737 - Found 1-bit latch for signal <result_o<1>>. Latches may be generated from incomplete case or if statements. We do not recommend the use of latches in FPGA/CPLD designs, as they may lead to timing problems.
WARNING:Xst:737 - Found 1-bit latch for signal <result_o<0>>. Latches may be generated from incomplete case or if statements. We do not recommend the use of latches in FPGA/CPLD designs, as they may lead to timing problems.
WARNING:Xst:737 - Found 1-bit latch for signal <zero_o>. Latches may be generated from incomplete case or if statements. We do not recommend the use of latches in FPGA/CPLD designs, as they may lead to timing problems.
WARNING:Xst:737 - Found 1-bit latch for signal <result_o<31>>. Latches may be generated from incomplete case or if statements. We do not recommend the use of latches in FPGA/CPLD designs, as they may lead to timing problems.
    Found 32-bit comparator greater for signal <n0010> created at line 41
    Found 32-bit comparator greater for signal <d0_i[31]_d1_i[31]_LessThan_15_o> created at line 47
    Found 32-bit comparator greater for signal <d1_i[31]_d0_i[31]_LessThan_17_o> created at line 49
    Summary:
	inferred   1 RAM(s).
	inferred   2 Adder/Subtractor(s).
	inferred  33 Latch(s).
	inferred   3 Comparator(s).
	inferred 411 Multiplexer(s).
	inferred   4 Combinational logic shifter(s).
Unit <alu> synthesized.

Synthesizing Unit <clk_div>.
    Related source file is "D:\ORG-Lab8\code\IO\clk_div.v".
    Found 32-bit register for signal <clkdiv>.
    Found 32-bit adder for signal <clkdiv[31]_GND_124_o_add_0_OUT> created at line 32.
    Summary:
	inferred   1 Adder/Subtractor(s).
	inferred  32 D-type flip-flop(s).
	inferred   1 Multiplexer(s).
Unit <clk_div> synthesized.

Synthesizing Unit <Counter_x>.
    Related source file is "D:\ORG-Lab8\code\IO\Counter_3_IO.v".
WARNING:Xst:647 - Input <clk1> is never used. This port will be preserved and left unconnected if it belongs to a top-level block or it belongs to a sub-block and the hierarchy of this sub-block is preserved.
WARNING:Xst:647 - Input <clk2> is never used. This port will be preserved and left unconnected if it belongs to a top-level block or it belongs to a sub-block and the hierarchy of this sub-block is preserved.
WARNING:Xst:653 - Signal <counter1<32>> is used but never assigned. This sourceless signal will be automatically connected to value GND.
WARNING:Xst:653 - Signal <counter2<32>> is used but never assigned. This sourceless signal will be automatically connected to value GND.
    Found 24-bit register for signal <counter_Ctrl>.
    Found 33-bit register for signal <counter0>.
    Found 32-bit register for signal <counter0_Lock>.
    Found 1-bit register for signal <sq0>.
    Found 1-bit register for signal <M0>.
    Found 1-bit register for signal <clr0>.
    Found 33-bit subtractor for signal <counter0[32]_GND_126_o_sub_26_OUT> created at line 77.
    Found 33-bit 4-to-1 multiplexer for signal <counter_Ctrl[2]_counter0[32]_wide_mux_26_OUT> created at line 70.
    Found 1-bit comparator not equal for signal <n0017> created at line 76
    Summary:
	inferred   1 Adder/Subtractor(s).
	inferred  92 D-type flip-flop(s).
	inferred   1 Comparator(s).
	inferred   5 Multiplexer(s).
Unit <Counter_x> synthesized.

=========================================================================
HDL Synthesis Report

Macro Statistics
# RAMs                                                 : 3
 32x2-bit single-port Read Only RAM                    : 1
 32x32-bit dual-port RAM                               : 2
# Adders/Subtractors                                   : 4
 32-bit adder                                          : 2
 32-bit subtractor                                     : 1
 33-bit subtractor                                     : 1
# Registers                                            : 27
 1-bit register                                        : 7
 2-bit register                                        : 8
 24-bit register                                       : 1
 3-bit register                                        : 1
 32-bit register                                       : 8
 33-bit register                                       : 1
 5-bit register                                        : 1
# Latches                                              : 82
 1-bit latch                                           : 82
# Comparators                                          : 4
 1-bit comparator not equal                            : 1
 32-bit comparator greater                             : 3
# Multiplexers                                         : 505
 1-bit 2-to-1 multiplexer                              : 453
 2-bit 2-to-1 multiplexer                              : 16
 3-bit 2-to-1 multiplexer                              : 4
 32-bit 2-to-1 multiplexer                             : 7
 32-bit 4-to-1 multiplexer                             : 4
 33-bit 2-to-1 multiplexer                             : 4
 33-bit 4-to-1 multiplexer                             : 1
 5-bit 2-to-1 multiplexer                              : 15
 5-bit 4-to-1 multiplexer                              : 1
# Logic shifters                                       : 4
 32-bit shifter logical left                           : 2
 32-bit shifter logical right                          : 2
# FSMs                                                 : 1
# Xors                                                 : 1
 32-bit xor2                                           : 1

=========================================================================

=========================================================================
*                       Advanced HDL Synthesis                          *
=========================================================================

Reading core <code/IO/SAnti_jitter.ngc>.
Reading core <ipcore_dir/RAM_B.ngc>.
Reading core <code/IO/MIO_BUS.ngc>.
Reading core <code/IO/SSeg7_Dev.ngc>.
Reading core <code/IO/SEnter_2_32.ngc>.
Reading core <code/IO/Multi_8CH32.ngc>.
Reading core <code/IO/SPIO.ngc>.
Reading core <ipcore_dir/ROM_D.ngc>.
Loading core <SAnti_jitter> for timing and area information for instance <U9>.
Loading core <RAM_B> for timing and area information for instance <U3>.
Loading core <MIO_BUS> for timing and area information for instance <U4>.
Loading core <SSeg7_Dev> for timing and area information for instance <U6>.
Loading core <SEnter_2_32> for timing and area information for instance <M4>.
Loading core <Multi_8CH32> for timing and area information for instance <U5>.
Loading core <SPIO> for timing and area information for instance <U7>.
Loading core <ROM_D> for timing and area information for instance <U2>.
WARNING:Xst:2677 - Node <counter_Ctrl_0> of sequential type is unconnected in block <U10>.
WARNING:Xst:2677 - Node <counter_Ctrl_3> of sequential type is unconnected in block <U10>.
WARNING:Xst:2677 - Node <counter_Ctrl_4> of sequential type is unconnected in block <U10>.
WARNING:Xst:2677 - Node <counter_Ctrl_5> of sequential type is unconnected in block <U10>.
WARNING:Xst:2677 - Node <counter_Ctrl_6> of sequential type is unconnected in block <U10>.
WARNING:Xst:2677 - Node <counter_Ctrl_7> of sequential type is unconnected in block <U10>.
WARNING:Xst:2677 - Node <counter_Ctrl_8> of sequential type is unconnected in block <U10>.
WARNING:Xst:2677 - Node <counter_Ctrl_9> of sequential type is unconnected in block <U10>.
WARNING:Xst:2677 - Node <counter_Ctrl_10> of sequential type is unconnected in block <U10>.
WARNING:Xst:2677 - Node <counter_Ctrl_11> of sequential type is unconnected in block <U10>.
WARNING:Xst:2677 - Node <counter_Ctrl_12> of sequential type is unconnected in block <U10>.
WARNING:Xst:2677 - Node <counter_Ctrl_13> of sequential type is unconnected in block <U10>.
WARNING:Xst:2677 - Node <counter_Ctrl_14> of sequential type is unconnected in block <U10>.
WARNING:Xst:2677 - Node <counter_Ctrl_15> of sequential type is unconnected in block <U10>.
WARNING:Xst:2677 - Node <counter_Ctrl_16> of sequential type is unconnected in block <U10>.
WARNING:Xst:2677 - Node <counter_Ctrl_17> of sequential type is unconnected in block <U10>.
WARNING:Xst:2677 - Node <counter_Ctrl_18> of sequential type is unconnected in block <U10>.
WARNING:Xst:2677 - Node <counter_Ctrl_19> of sequential type is unconnected in block <U10>.
WARNING:Xst:2677 - Node <counter_Ctrl_20> of sequential type is unconnected in block <U10>.
WARNING:Xst:2677 - Node <counter_Ctrl_21> of sequential type is unconnected in block <U10>.
WARNING:Xst:2677 - Node <counter_Ctrl_22> of sequential type is unconnected in block <U10>.
WARNING:Xst:2677 - Node <counter_Ctrl_23> of sequential type is unconnected in block <U10>.

Synthesizing (advanced) Unit <alu>.
INFO:Xst:3231 - The small RAM <Mram__n0204> will be implemented on LUTs in order to maximize performance and save block RAM resources. If you want to force its implementation on block, use option/constraint ram_style.
    -----------------------------------------------------------------------
    | ram_type           | Distributed                         |          |
    -----------------------------------------------------------------------
    | Port A                                                              |
    |     aspect ratio   | 32-word x 2-bit                     |          |
    |     weA            | connected to signal <GND>           | high     |
    |     addrA          | connected to signal <ALUOp>         |          |
    |     diA            | connected to signal <GND>           |          |
    |     doA            | connected to internal node          |          |
    -----------------------------------------------------------------------
Unit <alu> synthesized (advanced).

Synthesizing (advanced) Unit <clk_div>.
The following registers are absorbed into counter <clkdiv>: 1 register on signal <clkdiv>.
Unit <clk_div> synthesized (advanced).

Synthesizing (advanced) Unit <mips>.
INFO:Xst:3226 - The RAM <my_regfile/Mram_regs1> will be implemented as a BLOCK RAM, absorbing the following register(s): <B/q>
    -----------------------------------------------------------------------
    | ram_type           | Block                               |          |
    -----------------------------------------------------------------------
    | Port A                                                              |
    |     aspect ratio   | 32-word x 32-bit                    |          |
    |     mode           | read-first                          |          |
    |     clkA           | connected to signal <clk>           | rise     |
    |     weA            | connected to signal <RegWrite>      | high     |
    |     addrA          | connected to signal <mux1_o>        |          |
    |     diA            | connected to signal <mux2_o>        |          |
    -----------------------------------------------------------------------
    | optimization       | speed                               |          |
    -----------------------------------------------------------------------
    | Port B                                                              |
    |     aspect ratio   | 32-word x 32-bit                    |          |
    |     mode           | read-first                          |          |
    |     clkB           | connected to signal <clk>           | rise     |
    |     addrB          | connected to signal <instruction<20:16>> |          |
    |     doB            | connected to signal <B_o>           |          |
    -----------------------------------------------------------------------
    | optimization       | speed                               |          |
    -----------------------------------------------------------------------
INFO:Xst:3226 - The RAM <my_regfile/Mram_regs> will be implemented as a BLOCK RAM, absorbing the following register(s): <A/q>
    -----------------------------------------------------------------------
    | ram_type           | Block                               |          |
    -----------------------------------------------------------------------
    | Port A                                                              |
    |     aspect ratio   | 32-word x 32-bit                    |          |
    |     mode           | read-first                          |          |
    |     clkA           | connected to signal <clk>           | rise     |
    |     weA            | connected to signal <RegWrite>      | high     |
    |     addrA          | connected to signal <mux1_o>        |          |
    |     diA            | connected to signal <mux2_o>        |          |
    -----------------------------------------------------------------------
    | optimization       | speed                               |          |
    -----------------------------------------------------------------------
    | Port B                                                              |
    |     aspect ratio   | 32-word x 32-bit                    |          |
    |     mode           | read-first                          |          |
    |     clkB           | connected to signal <clk>           | rise     |
    |     addrB          | connected to signal <instruction<25:21>> |          |
    |     doB            | connected to signal <A_o>           |          |
    -----------------------------------------------------------------------
    | optimization       | speed                               |          |
    -----------------------------------------------------------------------
Unit <mips> synthesized (advanced).
WARNING:Xst:2677 - Node <counter_Ctrl_0> of sequential type is unconnected in block <Counter_x>.
WARNING:Xst:2677 - Node <counter_Ctrl_3> of sequential type is unconnected in block <Counter_x>.
WARNING:Xst:2677 - Node <counter_Ctrl_4> of sequential type is unconnected in block <Counter_x>.
WARNING:Xst:2677 - Node <counter_Ctrl_5> of sequential type is unconnected in block <Counter_x>.
WARNING:Xst:2677 - Node <counter_Ctrl_6> of sequential type is unconnected in block <Counter_x>.
WARNING:Xst:2677 - Node <counter_Ctrl_7> of sequential type is unconnected in block <Counter_x>.
WARNING:Xst:2677 - Node <counter_Ctrl_8> of sequential type is unconnected in block <Counter_x>.
WARNING:Xst:2677 - Node <counter_Ctrl_9> of sequential type is unconnected in block <Counter_x>.
WARNING:Xst:2677 - Node <counter_Ctrl_10> of sequential type is unconnected in block <Counter_x>.
WARNING:Xst:2677 - Node <counter_Ctrl_11> of sequential type is unconnected in block <Counter_x>.
WARNING:Xst:2677 - Node <counter_Ctrl_12> of sequential type is unconnected in block <Counter_x>.
WARNING:Xst:2677 - Node <counter_Ctrl_13> of sequential type is unconnected in block <Counter_x>.
WARNING:Xst:2677 - Node <counter_Ctrl_14> of sequential type is unconnected in block <Counter_x>.
WARNING:Xst:2677 - Node <counter_Ctrl_15> of sequential type is unconnected in block <Counter_x>.
WARNING:Xst:2677 - Node <counter_Ctrl_16> of sequential type is unconnected in block <Counter_x>.
WARNING:Xst:2677 - Node <counter_Ctrl_17> of sequential type is unconnected in block <Counter_x>.
WARNING:Xst:2677 - Node <counter_Ctrl_18> of sequential type is unconnected in block <Counter_x>.
WARNING:Xst:2677 - Node <counter_Ctrl_19> of sequential type is unconnected in block <Counter_x>.
WARNING:Xst:2677 - Node <counter_Ctrl_20> of sequential type is unconnected in block <Counter_x>.
WARNING:Xst:2677 - Node <counter_Ctrl_21> of sequential type is unconnected in block <Counter_x>.
WARNING:Xst:2677 - Node <counter_Ctrl_22> of sequential type is unconnected in block <Counter_x>.
WARNING:Xst:2677 - Node <counter_Ctrl_23> of sequential type is unconnected in block <Counter_x>.

=========================================================================
Advanced HDL Synthesis Report

Macro Statistics
# RAMs                                                 : 3
 32x2-bit single-port distributed Read Only RAM        : 1
 32x32-bit dual-port block RAM                         : 2
# Adders/Subtractors                                   : 3
 32-bit adder                                          : 1
 32-bit subtractor                                     : 1
 33-bit subtractor                                     : 1
# Counters                                             : 1
 32-bit up counter                                     : 1
# Registers                                            : 226
 Flip-Flops                                            : 226
# Comparators                                          : 4
 1-bit comparator not equal                            : 1
 32-bit comparator greater                             : 3
# Multiplexers                                         : 568
 1-bit 2-to-1 multiplexer                              : 518
 2-bit 2-to-1 multiplexer                              : 16
 3-bit 2-to-1 multiplexer                              : 4
 32-bit 2-to-1 multiplexer                             : 7
 32-bit 4-to-1 multiplexer                             : 4
 33-bit 2-to-1 multiplexer                             : 2
 33-bit 4-to-1 multiplexer                             : 1
 5-bit 2-to-1 multiplexer                              : 15
 5-bit 4-to-1 multiplexer                              : 1
# Logic shifters                                       : 4
 32-bit shifter logical left                           : 2
 32-bit shifter logical right                          : 2
# FSMs                                                 : 1
# Xors                                                 : 1
 32-bit xor2                                           : 1

=========================================================================

=========================================================================
*                         Low Level Synthesis                           *
=========================================================================
Analyzing FSM <MFsm> for best encoding.
Optimizing FSM <U1/mips/my_ctrl/FSM_0> on signal <status[1:4]> with user encoding.
-------------------
 State | Encoding
-------------------
 1001  | 1001
 0001  | 0001
 0010  | 0010
 0011  | 0011
 0100  | 0100
 0101  | 0101
 0110  | 0110
 0111  | 0111
 0000  | 0000
 1000  | 1000
-------------------
WARNING:Xst:1710 - FF/Latch <group_2> (without init value) has a constant value of 0 in block <ctrl>. This FF/Latch will be trimmed during the optimization process.

Optimizing unit <pc> ...

Optimizing unit <top> ...

Optimizing unit <mips> ...

Optimizing unit <ctrl> ...
WARNING:Xst:2677 - Node <group_0> of sequential type is unconnected in block <ctrl>.
WARNING:Xst:2677 - Node <group_1> of sequential type is unconnected in block <ctrl>.
WARNING:Xst:2677 - Node <group_0> of sequential type is unconnected in block <ctrl>.
WARNING:Xst:2677 - Node <group_1> of sequential type is unconnected in block <ctrl>.

Optimizing unit <alu> ...

Optimizing unit <ext> ...

Optimizing unit <dm_input_sel> ...

Optimizing unit <Counter_x> ...
WARNING:Xst:2677 - Node <U1/mips/my_ctrl/Be_high_1> of sequential type is unconnected in block <top>.
WARNING:Xst:2677 - Node <U1/mips/my_ctrl/Be_high_0> of sequential type is unconnected in block <top>.

Mapping all equations...
Building and optimizing final netlist ...
Found area constraint ratio of 100 (+ 5) on block top, actual ratio is 1.
WARNING:Xst:2677 - Node <U1/mips/my_ctrl/group_1> of sequential type is unconnected in block <top>.

Final Macro Processing ...

=========================================================================
Final Register Report

Macro Statistics
# Registers                                            : 258
 Flip-Flops                                            : 258

=========================================================================

=========================================================================
*                           Partition Report                            *
=========================================================================

Partition Implementation Status
-------------------------------

  No Partitions were found in this design.

-------------------------------

=========================================================================
*                            Design Summary                             *
=========================================================================

Top Level Output File Name         : top.ngc

Primitive and Black Box Usage:
------------------------------
# BELS                             : 2801
#      AND2                        : 8
#      AND3                        : 88
#      AND4                        : 72
#      GND                         : 3
#      INV                         : 87
#      LUT1                        : 97
#      LUT2                        : 64
#      LUT3                        : 204
#      LUT4                        : 317
#      LUT5                        : 349
#      LUT6                        : 871
#      MUXCY                       : 252
#      MUXF7                       : 74
#      OR2                         : 56
#      OR3                         : 24
#      OR4                         : 32
#      VCC                         : 5
#      XORCY                       : 198
# FlipFlops/Latches                : 719
#      FD                          : 257
#      FDC                         : 79
#      FDC_1                       : 2
#      FDCE                        : 69
#      FDCE_1                      : 15
#      FDE                         : 160
#      FDE_1                       : 15
#      FDP_1                       : 2
#      FDPE                        : 2
#      FDPE_1                      : 3
#      FDR                         : 2
#      FDRE                        : 31
#      LD                          : 82
# RAMS                             : 3
#      RAMB18E1                    : 2
#      RAMB36E1                    : 1
# Clock Buffers                    : 7
#      BUFG                        : 6
#      BUFGP                       : 1
# IO Buffers                       : 37
#      IBUF                        : 21
#      OBUF                        : 16

Device utilization summary:
---------------------------

Selected Device : 7k160tffg676-2l 


Slice Logic Utilization: 
 Number of Slice Registers:             719  out of  202800     0%  
 Number of Slice LUTs:                 1989  out of  101400     1%  
    Number used as Logic:              1989  out of  101400     1%  

Slice Logic Distribution: 
 Number of LUT Flip Flop pairs used:   2163
   Number with an unused Flip Flop:    1444  out of   2163    66%  
   Number with an unused LUT:           174  out of   2163     8%  
   Number of fully used LUT-FF pairs:   545  out of   2163    25%  
   Number of unique control sets:        43

IO Utilization: 
 Number of IOs:                          38
 Number of bonded IOBs:                  38  out of    400     9%  

Specific Feature Utilization:
 Number of Block RAM/FIFO:                2  out of    325     0%  
    Number using Block RAM only:          2
 Number of BUFG/BUFGCTRLs:                7  out of     32    21%  

---------------------------
Partition Resource Summary:
---------------------------

  No Partitions were found in this design.

---------------------------


=========================================================================
Timing Report

NOTE: THESE TIMING NUMBERS ARE ONLY A SYNTHESIS ESTIMATE.
      FOR ACCURATE TIMING INFORMATION PLEASE REFER TO THE TRACE REPORT
      GENERATED AFTER PLACE-and-ROUTE.

Clock Information:
------------------
-------------------------------------------------------------------------------------------------------------+-------------------------------------+-------+
Clock Signal                                                                                                 | Clock buffer(FF name)               | Load  |
-------------------------------------------------------------------------------------------------------------+-------------------------------------+-------+
clk_100mhz                                                                                                   | BUFGP                               | 262   |
Clk_CPU(U8/Mmux_Clk_CPU11:O)                                                                                 | BUFG(*)(U1/mips/mdr/q_31)           | 158   |
U1/mips/my_alu/Mram__n02041(U1/mips/my_alu/Mram__n0204111:O)                                                 | BUFG(*)(U1/mips/my_alu/result_o_0)  | 32    |
U1/mips/my_alu/Mram__n0204(U1/mips/my_alu/Mram__n020412:O)                                                   | NONE(*)(U1/mips/my_alu/zero_o)      | 1     |
U1/mips/my_ext/EXTOp[1]_GND_48_o_Mux_2_o(U1/mips/my_ext/EXTOp[1]_GND_48_o_Mux_2_o1:O)                        | NONE(*)(U1/mips/my_ext/extout_o_5)  | 17    |
U1/mips/my_dm_input_sel/DMSource[1]_GND_12_o_Mux_2_o(U1/mips/my_dm_input_sel/DMSource[1]_GND_12_o_Mux_2_o1:O)| BUFG(*)(U1/mips/my_dm_input_sel/q_9)| 32    |
U8/clkdiv_8                                                                                                  | BUFG                                | 35    |
IO_clk(IO_clk1:O)                                                                                            | BUFG(*)(U10/counter_Ctrl_2)         | 141   |
U9/clk1                                                                                                      | BUFG                                | 41    |
M4/push(M4/push1:O)                                                                                          | NONE(*)(M4/state_0)                 | 3     |
-------------------------------------------------------------------------------------------------------------+-------------------------------------+-------+
(*) These 7 clock signal(s) are generated by combinatorial logic,
and XST is not able to identify which are the primary clock signals.
Please use the CLOCK_SIGNAL constraint to specify the clock signal(s) generated by combinatorial logic.
INFO:Xst:2169 - HDL ADVISOR - Some clock signals were not automatically buffered by XST with BUFG/BUFR resources. Please use the buffer_type constraint in order to insert these buffers to the clock signals to help prevent skew problems.

Asynchronous Control Signals Information:
----------------------------------------
-----------------------------------+-----------------------------------------------------------------------------------------------------------------------------------------+-------+
Control Signal                     | Buffer(FF name)                                                                                                                         | Load  |
-----------------------------------+-----------------------------------------------------------------------------------------------------------------------------------------+-------+
U3/N1(U3/XST_GND:G)                | NONE(U3/U0/xst_blk_mem_generator/gnativebmg.native_blk_mem_gen/valid.cstr/ramloop[0].ram.r/v6_init.ram/NO_BMM_INFO.SP.SIMPLE_PRIM36.ram)| 2     |
-----------------------------------+-----------------------------------------------------------------------------------------------------------------------------------------+-------+

Timing Summary:
---------------
Speed Grade: -2

   Minimum period: 4.920ns (Maximum Frequency: 203.264MHz)
   Minimum input arrival time before clock: 2.109ns
   Maximum output required time after clock: 0.658ns
   Maximum combinational path delay: No path found

Timing Details:
---------------
All values displayed in nanoseconds (ns)

=========================================================================
Timing constraint: Default period analysis for Clock 'clk_100mhz'
  Clock period: 4.920ns (frequency: 203.264MHz)
  Total number of paths / destination ports: 12105 / 333
-------------------------------------------------------------------------
Delay:               4.920ns (Levels of Logic = 12)
  Source:            U9/SW_OK_5 (FF)
  Destination:       U6/M2/buffer_51 (FF)
  Source Clock:      clk_100mhz rising
  Destination Clock: clk_100mhz rising

  Data Path: U9/SW_OK_5 to U6/M2/buffer_51
                                Gate     Net
    Cell:in->out      fanout   Delay   Delay  Logical Name (Net Name)
    ----------------------------------------  ------------
     FDE:C->Q            100   0.236   0.547  SW_OK_5 (SW_OK<5>)
     end scope: 'U9:SW_OK<5>'
     begin scope: 'U4:SW<5>'
     LUT6:I4->O            2   0.043   0.527  Mmux_Cpu_data4bus281 (Cpu_data4bus<5>)
     end scope: 'U4:Cpu_data4bus<5>'
     begin scope: 'U5:data6<5>'
     LUT6:I2->O            1   0.043   0.000  MUX1_DispData/Mmux_o_327 (MUX1_DispData/Mmux_o_327)
     MUXF7:I1->O          13   0.178   0.407  MUX1_DispData/Mmux_o_2_f7_26 (Disp_num<5>)
     end scope: 'U5:Disp_num<5>'
     begin scope: 'U6:Hexs<5>'
     INV:I->O              8   0.054   0.642  SM1/HTS6/MSEG/XLXI_3 (SM1/HTS6/MSEG/XLXN_62)
     AND3:I1->O            1   0.043   0.613  SM1/HTS6/MSEG/XLXI_35 (SM1/HTS6/MSEG/XLXN_172)
     OR3:I0->O             1   0.043   0.603  SM1/HTS6/MSEG/XLXI_36 (SM1/HTS6/MSEG/XLXN_212)
     OR2:I1->O             1   0.043   0.405  SM1/HTS6/MSEG/XLXI_51 (XLXN_390<51>)
     LUT6:I4->O            1   0.043   0.405  M2/mux11011 (M2/state[1]_GND_3_o_wide_mux_15_OUT<51>)
     LUT3:I1->O            1   0.043   0.000  M2/buffer_51_rstpot (M2/buffer_51_rstpot)
     FD:D                     -0.000          M2/buffer_51
    ----------------------------------------
    Total                      4.920ns (0.769ns logic, 4.151ns route)
                                       (15.6% logic, 84.4% route)

=========================================================================
Timing constraint: Default period analysis for Clock 'Clk_CPU'
  Clock period: 3.875ns (frequency: 258.058MHz)
  Total number of paths / destination ports: 2981 / 302
-------------------------------------------------------------------------
Delay:               1.938ns (Levels of Logic = 3)
  Source:            U1/mips/IR/q_27 (FF)
  Destination:       U1/mips/my_ctrl/status_FSM_FFd2 (FF)
  Source Clock:      Clk_CPU rising
  Destination Clock: Clk_CPU falling

  Data Path: U1/mips/IR/q_27 to U1/mips/my_ctrl/status_FSM_FFd2
                                Gate     Net
    Cell:in->out      fanout   Delay   Delay  Logical Name (Net Name)
    ----------------------------------------  ------------
     FDE:C->Q             23   0.236   0.722  U1/mips/IR/q_27 (U1/mips/IR/q_27)
     LUT5:I0->O            1   0.043   0.495  U1/mips/my_ctrl/_n0805_inv21 (U1/mips/my_ctrl/_n0805_inv2)
     LUT4:I1->O            2   0.043   0.355  U1/mips/my_ctrl/status_FSM_FFd2-In1_SW0 (N198)
     LUT5:I4->O            1   0.043   0.000  U1/mips/my_ctrl/status_FSM_FFd2-In1 (U1/mips/my_ctrl/status_FSM_FFd2-In)
     FDC_1:D                  -0.000          U1/mips/my_ctrl/status_FSM_FFd2
    ----------------------------------------
    Total                      1.938ns (0.365ns logic, 1.573ns route)
                                       (18.8% logic, 81.2% route)

=========================================================================
Timing constraint: Default period analysis for Clock 'U8/clkdiv_8'
  Clock period: 2.221ns (frequency: 450.288MHz)
  Total number of paths / destination ports: 787 / 36
-------------------------------------------------------------------------
Delay:               2.221ns (Levels of Logic = 35)
  Source:            U10/counter0_0 (FF)
  Destination:       U10/counter0_32 (FF)
  Source Clock:      U8/clkdiv_8 rising
  Destination Clock: U8/clkdiv_8 rising

  Data Path: U10/counter0_0 to U10/counter0_32
                                Gate     Net
    Cell:in->out      fanout   Delay   Delay  Logical Name (Net Name)
    ----------------------------------------  ------------
     FDC:C->Q              4   0.236   0.367  U10/counter0_0 (U10/counter0_0)
     LUT1:I0->O            1   0.043   0.000  U10/Msub_counter0[32]_GND_126_o_sub_26_OUT_cy<0>_rt (U10/Msub_counter0[32]_GND_126_o_sub_26_OUT_cy<0>_rt)
     MUXCY:S->O            1   0.238   0.000  U10/Msub_counter0[32]_GND_126_o_sub_26_OUT_cy<0> (U10/Msub_counter0[32]_GND_126_o_sub_26_OUT_cy<0>)
     MUXCY:CI->O           1   0.013   0.000  U10/Msub_counter0[32]_GND_126_o_sub_26_OUT_cy<1> (U10/Msub_counter0[32]_GND_126_o_sub_26_OUT_cy<1>)
     MUXCY:CI->O           1   0.013   0.000  U10/Msub_counter0[32]_GND_126_o_sub_26_OUT_cy<2> (U10/Msub_counter0[32]_GND_126_o_sub_26_OUT_cy<2>)
     MUXCY:CI->O           1   0.013   0.000  U10/Msub_counter0[32]_GND_126_o_sub_26_OUT_cy<3> (U10/Msub_counter0[32]_GND_126_o_sub_26_OUT_cy<3>)
     MUXCY:CI->O           1   0.013   0.000  U10/Msub_counter0[32]_GND_126_o_sub_26_OUT_cy<4> (U10/Msub_counter0[32]_GND_126_o_sub_26_OUT_cy<4>)
     MUXCY:CI->O           1   0.013   0.000  U10/Msub_counter0[32]_GND_126_o_sub_26_OUT_cy<5> (U10/Msub_counter0[32]_GND_126_o_sub_26_OUT_cy<5>)
     MUXCY:CI->O           1   0.013   0.000  U10/Msub_counter0[32]_GND_126_o_sub_26_OUT_cy<6> (U10/Msub_counter0[32]_GND_126_o_sub_26_OUT_cy<6>)
     MUXCY:CI->O           1   0.013   0.000  U10/Msub_counter0[32]_GND_126_o_sub_26_OUT_cy<7> (U10/Msub_counter0[32]_GND_126_o_sub_26_OUT_cy<7>)
     MUXCY:CI->O           1   0.013   0.000  U10/Msub_counter0[32]_GND_126_o_sub_26_OUT_cy<8> (U10/Msub_counter0[32]_GND_126_o_sub_26_OUT_cy<8>)
     MUXCY:CI->O           1   0.013   0.000  U10/Msub_counter0[32]_GND_126_o_sub_26_OUT_cy<9> (U10/Msub_counter0[32]_GND_126_o_sub_26_OUT_cy<9>)
     MUXCY:CI->O           1   0.013   0.000  U10/Msub_counter0[32]_GND_126_o_sub_26_OUT_cy<10> (U10/Msub_counter0[32]_GND_126_o_sub_26_OUT_cy<10>)
     MUXCY:CI->O           1   0.013   0.000  U10/Msub_counter0[32]_GND_126_o_sub_26_OUT_cy<11> (U10/Msub_counter0[32]_GND_126_o_sub_26_OUT_cy<11>)
     MUXCY:CI->O           1   0.013   0.000  U10/Msub_counter0[32]_GND_126_o_sub_26_OUT_cy<12> (U10/Msub_counter0[32]_GND_126_o_sub_26_OUT_cy<12>)
     MUXCY:CI->O           1   0.013   0.000  U10/Msub_counter0[32]_GND_126_o_sub_26_OUT_cy<13> (U10/Msub_counter0[32]_GND_126_o_sub_26_OUT_cy<13>)
     MUXCY:CI->O           1   0.013   0.000  U10/Msub_counter0[32]_GND_126_o_sub_26_OUT_cy<14> (U10/Msub_counter0[32]_GND_126_o_sub_26_OUT_cy<14>)
     MUXCY:CI->O           1   0.013   0.000  U10/Msub_counter0[32]_GND_126_o_sub_26_OUT_cy<15> (U10/Msub_counter0[32]_GND_126_o_sub_26_OUT_cy<15>)
     MUXCY:CI->O           1   0.013   0.000  U10/Msub_counter0[32]_GND_126_o_sub_26_OUT_cy<16> (U10/Msub_counter0[32]_GND_126_o_sub_26_OUT_cy<16>)
     MUXCY:CI->O           1   0.013   0.000  U10/Msub_counter0[32]_GND_126_o_sub_26_OUT_cy<17> (U10/Msub_counter0[32]_GND_126_o_sub_26_OUT_cy<17>)
     MUXCY:CI->O           1   0.013   0.000  U10/Msub_counter0[32]_GND_126_o_sub_26_OUT_cy<18> (U10/Msub_counter0[32]_GND_126_o_sub_26_OUT_cy<18>)
     MUXCY:CI->O           1   0.013   0.000  U10/Msub_counter0[32]_GND_126_o_sub_26_OUT_cy<19> (U10/Msub_counter0[32]_GND_126_o_sub_26_OUT_cy<19>)
     MUXCY:CI->O           1   0.013   0.000  U10/Msub_counter0[32]_GND_126_o_sub_26_OUT_cy<20> (U10/Msub_counter0[32]_GND_126_o_sub_26_OUT_cy<20>)
     MUXCY:CI->O           1   0.013   0.000  U10/Msub_counter0[32]_GND_126_o_sub_26_OUT_cy<21> (U10/Msub_counter0[32]_GND_126_o_sub_26_OUT_cy<21>)
     MUXCY:CI->O           1   0.013   0.000  U10/Msub_counter0[32]_GND_126_o_sub_26_OUT_cy<22> (U10/Msub_counter0[32]_GND_126_o_sub_26_OUT_cy<22>)
     MUXCY:CI->O           1   0.013   0.000  U10/Msub_counter0[32]_GND_126_o_sub_26_OUT_cy<23> (U10/Msub_counter0[32]_GND_126_o_sub_26_OUT_cy<23>)
     MUXCY:CI->O           1   0.013   0.000  U10/Msub_counter0[32]_GND_126_o_sub_26_OUT_cy<24> (U10/Msub_counter0[32]_GND_126_o_sub_26_OUT_cy<24>)
     MUXCY:CI->O           1   0.013   0.000  U10/Msub_counter0[32]_GND_126_o_sub_26_OUT_cy<25> (U10/Msub_counter0[32]_GND_126_o_sub_26_OUT_cy<25>)
     MUXCY:CI->O           1   0.013   0.000  U10/Msub_counter0[32]_GND_126_o_sub_26_OUT_cy<26> (U10/Msub_counter0[32]_GND_126_o_sub_26_OUT_cy<26>)
     MUXCY:CI->O           1   0.013   0.000  U10/Msub_counter0[32]_GND_126_o_sub_26_OUT_cy<27> (U10/Msub_counter0[32]_GND_126_o_sub_26_OUT_cy<27>)
     MUXCY:CI->O           1   0.013   0.000  U10/Msub_counter0[32]_GND_126_o_sub_26_OUT_cy<28> (U10/Msub_counter0[32]_GND_126_o_sub_26_OUT_cy<28>)
     MUXCY:CI->O           1   0.013   0.000  U10/Msub_counter0[32]_GND_126_o_sub_26_OUT_cy<29> (U10/Msub_counter0[32]_GND_126_o_sub_26_OUT_cy<29>)
     MUXCY:CI->O           1   0.013   0.000  U10/Msub_counter0[32]_GND_126_o_sub_26_OUT_cy<30> (U10/Msub_counter0[32]_GND_126_o_sub_26_OUT_cy<30>)
     MUXCY:CI->O           0   0.013   0.000  U10/Msub_counter0[32]_GND_126_o_sub_26_OUT_cy<31> (U10/Msub_counter0[32]_GND_126_o_sub_26_OUT_cy<31>)
     XORCY:CI->O           1   0.262   0.613  U10/Msub_counter0[32]_GND_126_o_sub_26_OUT_xor<32> (U10/counter0[32]_GND_126_o_sub_26_OUT<32>)
     LUT6:I0->O            1   0.043   0.000  U10/Mmux_counter_Ctrl[2]_counter0[32]_wide_mux_26_OUT262 (U10/counter_Ctrl[2]_counter0[32]_wide_mux_26_OUT<32>)
     FDC:D                    -0.000          U10/counter0_32
    ----------------------------------------
    Total                      2.221ns (1.240ns logic, 0.980ns route)
                                       (55.9% logic, 44.1% route)

=========================================================================
Timing constraint: Default period analysis for Clock 'IO_clk'
  Clock period: 2.550ns (frequency: 392.202MHz)
  Total number of paths / destination ports: 383 / 112
-------------------------------------------------------------------------
Delay:               1.275ns (Levels of Logic = 2)
  Source:            U7/counter_set_1 (FF)
  Destination:       U10/counter0_Lock_31 (FF)
  Source Clock:      IO_clk falling
  Destination Clock: IO_clk rising

  Data Path: U7/counter_set_1 to U10/counter0_Lock_31
                                Gate     Net
    Cell:in->out      fanout   Delay   Delay  Logical Name (Net Name)
    ----------------------------------------  ------------
     FDCE_1:C->Q           3   0.240   0.351  counter_set_1 (counter_set<1>)
     end scope: 'U7:counter_set<1>'
     INV:I->O             32   0.054   0.469  U10/_n0091<1>11_cepot_INV_0 (U10/_n0091<1>11_cepot)
     FDCE:CE                   0.161          U10/counter0_Lock_0
    ----------------------------------------
    Total                      1.275ns (0.455ns logic, 0.820ns route)
                                       (35.7% logic, 64.3% route)

=========================================================================
Timing constraint: Default period analysis for Clock 'U9/clk1'
  Clock period: 2.152ns (frequency: 464.587MHz)
  Total number of paths / destination ports: 1454 / 90
-------------------------------------------------------------------------
Delay:               2.152ns (Levels of Logic = 7)
  Source:            U9/counter_8 (FF)
  Destination:       U9/Key_x_0 (FF)
  Source Clock:      U9/clk1 rising
  Destination Clock: U9/clk1 rising

  Data Path: U9/counter_8 to U9/Key_x_0
                                Gate     Net
    Cell:in->out      fanout   Delay   Delay  Logical Name (Net Name)
    ----------------------------------------  ------------
     FDRE:C->Q             3   0.236   0.615  counter_8 (counter<8>)
     LUT5:I0->O            1   0.043   0.000  Mcompar_counter[31]_GND_1_o_LessThan_5_o_lut<0> (Mcompar_counter[31]_GND_1_o_LessThan_5_o_lut<0>)
     MUXCY:S->O            1   0.238   0.000  Mcompar_counter[31]_GND_1_o_LessThan_5_o_cy<0> (Mcompar_counter[31]_GND_1_o_LessThan_5_o_cy<0>)
     MUXCY:CI->O           1   0.013   0.000  Mcompar_counter[31]_GND_1_o_LessThan_5_o_cy<1> (Mcompar_counter[31]_GND_1_o_LessThan_5_o_cy<1>)
     MUXCY:CI->O           1   0.013   0.000  Mcompar_counter[31]_GND_1_o_LessThan_5_o_cy<2> (Mcompar_counter[31]_GND_1_o_LessThan_5_o_cy<2>)
     MUXCY:CI->O           1   0.013   0.000  Mcompar_counter[31]_GND_1_o_LessThan_5_o_cy<3> (Mcompar_counter[31]_GND_1_o_LessThan_5_o_cy<3>)
     MUXCY:CI->O           8   0.013   0.378  Mcompar_counter[31]_GND_1_o_LessThan_5_o_cy<4> (Mcompar_counter[31]_GND_1_o_LessThan_5_o_cy<4>)
     INV:I->O              7   0.054   0.373  _n0225_inv1_cepot_INV_0 (_n0225_inv1_cepot)
     FDE:CE                    0.161          Key_x_0
    ----------------------------------------
    Total                      2.152ns (0.786ns logic, 1.366ns route)
                                       (36.5% logic, 63.5% route)

=========================================================================
Timing constraint: Default period analysis for Clock 'M4/push'
  Clock period: 1.069ns (frequency: 935.060MHz)
  Total number of paths / destination ports: 6 / 3
-------------------------------------------------------------------------
Delay:               1.069ns (Levels of Logic = 1)
  Source:            M4/state_0 (FF)
  Destination:       M4/state_0 (FF)
  Source Clock:      M4/push rising
  Destination Clock: M4/push rising

  Data Path: M4/state_0 to M4/state_0
                                Gate     Net
    Cell:in->out      fanout   Delay   Delay  Logical Name (Net Name)
    ----------------------------------------  ------------
     FDE:C->Q             19   0.236   0.440  state_0 (state<0>)
     INV:I->O              1   0.054   0.339  Result<0>1_INV_0 (Result<0>)
     FDE:D                    -0.000          state_0
    ----------------------------------------
    Total                      1.069ns (0.290ns logic, 0.779ns route)
                                       (27.1% logic, 72.9% route)

=========================================================================
Timing constraint: Default OFFSET IN BEFORE for Clock 'clk_100mhz'
  Total number of paths / destination ports: 1195 / 100
-------------------------------------------------------------------------
Offset:              2.089ns (Levels of Logic = 10)
  Source:            SW<2> (PAD)
  Destination:       U9/SW_OK_0 (FF)
  Destination Clock: clk_100mhz rising

  Data Path: SW<2> to U9/SW_OK_0
                                Gate     Net
    Cell:in->out      fanout   Delay   Delay  Logical Name (Net Name)
    ----------------------------------------  ------------
     IBUF:I->O             3   0.000   0.625  SW_2_IBUF (SW_2_IBUF)
     begin scope: 'U9:SW<2>'
     LUT6:I0->O            1   0.043   0.000  Mcompar_sw_temp[15]_SW[15]_not_equal_100_o_lut<0> (Mcompar_sw_temp[15]_SW[15]_not_equal_100_o_lut<0>)
     MUXCY:S->O            1   0.238   0.000  Mcompar_sw_temp[15]_SW[15]_not_equal_100_o_cy<0> (Mcompar_sw_temp[15]_SW[15]_not_equal_100_o_cy<0>)
     MUXCY:CI->O           1   0.013   0.000  Mcompar_sw_temp[15]_SW[15]_not_equal_100_o_cy<1> (Mcompar_sw_temp[15]_SW[15]_not_equal_100_o_cy<1>)
     MUXCY:CI->O           1   0.013   0.000  Mcompar_sw_temp[15]_SW[15]_not_equal_100_o_cy<2> (Mcompar_sw_temp[15]_SW[15]_not_equal_100_o_cy<2>)
     MUXCY:CI->O           1   0.013   0.000  Mcompar_sw_temp[15]_SW[15]_not_equal_100_o_cy<3> (Mcompar_sw_temp[15]_SW[15]_not_equal_100_o_cy<3>)
     MUXCY:CI->O           1   0.013   0.000  Mcompar_sw_temp[15]_SW[15]_not_equal_100_o_cy<4> (Mcompar_sw_temp[15]_SW[15]_not_equal_100_o_cy<4>)
     MUXCY:CI->O          43   0.013   0.471  Mcompar_sw_temp[15]_SW[15]_not_equal_100_o_cy<5> (sw_temp[15]_SW[15]_not_equal_100_o)
     INV:I->O             17   0.054   0.429  _n0243_inv1_cepot_cepot_INV_0 (_n0243_inv1_cepot_cepot)
     FDE:CE                    0.161          SW_OK_0
    ----------------------------------------
    Total                      2.089ns (0.563ns logic, 1.525ns route)
                                       (27.0% logic, 73.0% route)

=========================================================================
Timing constraint: Default OFFSET IN BEFORE for Clock 'U9/clk1'
  Total number of paths / destination ports: 176 / 41
-------------------------------------------------------------------------
Offset:              2.109ns (Levels of Logic = 6)
  Source:            BTN_y<3> (PAD)
  Destination:       U9/Key_x_1 (FF)
  Destination Clock: U9/clk1 rising

  Data Path: BTN_y<3> to U9/Key_x_1
                                Gate     Net
    Cell:in->out      fanout   Delay   Delay  Logical Name (Net Name)
    ----------------------------------------  ------------
     IBUF:I->O             6   0.000   0.550  BTN_y_3_IBUF (BTN_y_3_IBUF)
     begin scope: 'U9:Key_y<3>'
     LUT4:I0->O           12   0.043   0.674  out1 (n0016)
     LUT6:I0->O            3   0.043   0.362  _n0295<0>1 (_n0295<0>)
     LUT6:I5->O            1   0.043   0.350  Key_x[4]_PWR_1_o_select_74_OUT<1>1 (Key_x[4]_PWR_1_o_select_74_OUT<4>)
     LUT3:I2->O            1   0.043   0.000  Key_x_4_dpot (Key_x_4_dpot)
     FDE:D                    -0.000          Key_x_4
    ----------------------------------------
    Total                      2.109ns (0.172ns logic, 1.937ns route)
                                       (8.2% logic, 91.8% route)

=========================================================================
Timing constraint: Default OFFSET OUT AFTER for Clock 'U9/clk1'
  Total number of paths / destination ports: 6 / 6
-------------------------------------------------------------------------
Offset:              0.658ns (Levels of Logic = 2)
  Source:            U9/Key_x_4 (FF)
  Destination:       BTN_x<4> (PAD)
  Source Clock:      U9/clk1 rising

  Data Path: U9/Key_x_4 to BTN_x<4>
                                Gate     Net
    Cell:in->out      fanout   Delay   Delay  Logical Name (Net Name)
    ----------------------------------------  ------------
     FDE:C->Q             16   0.236   0.422  Key_x_4 (Key_x<4>)
     end scope: 'U9:Key_x<4>'
     OBUF:I->O                 0.000          BTN_x_4_OBUF (BTN_x<4>)
    ----------------------------------------
    Total                      0.658ns (0.236ns logic, 0.422ns route)
                                       (35.8% logic, 64.2% route)

=========================================================================
Timing constraint: Default OFFSET OUT AFTER for Clock 'clk_100mhz'
  Total number of paths / destination ports: 5 / 5
-------------------------------------------------------------------------
Offset:              0.625ns (Levels of Logic = 2)
  Source:            U6/M2/s_clk (FF)
  Destination:       seg_clk (PAD)
  Source Clock:      clk_100mhz rising

  Data Path: U6/M2/s_clk to seg_clk
                                Gate     Net
    Cell:in->out      fanout   Delay   Delay  Logical Name (Net Name)
    ----------------------------------------  ------------
     FDC:C->Q             10   0.236   0.389  M2/s_clk (seg_clk)
     end scope: 'U6:seg_clk'
     OBUF:I->O                 0.000          seg_clk_OBUF (seg_clk)
    ----------------------------------------
    Total                      0.625ns (0.236ns logic, 0.389ns route)
                                       (37.7% logic, 62.3% route)

=========================================================================
Timing constraint: Default OFFSET OUT AFTER for Clock 'IO_clk'
  Total number of paths / destination ports: 3 / 3
-------------------------------------------------------------------------
Offset:              0.592ns (Levels of Logic = 2)
  Source:            U7/P2S_led/s_clk (FF)
  Destination:       led_clk (PAD)
  Source Clock:      IO_clk rising

  Data Path: U7/P2S_led/s_clk to led_clk
                                Gate     Net
    Cell:in->out      fanout   Delay   Delay  Logical Name (Net Name)
    ----------------------------------------  ------------
     FDC:C->Q              4   0.236   0.356  P2S_led/s_clk (led_clk)
     end scope: 'U7:led_clk'
     OBUF:I->O                 0.000          led_clk_OBUF (led_clk)
    ----------------------------------------
    Total                      0.592ns (0.236ns logic, 0.356ns route)
                                       (39.9% logic, 60.1% route)

=========================================================================

Cross Clock Domains Report:
--------------------------

Clock to Setup on destination clock Clk_CPU
---------------------------+---------+---------+---------+---------+
                           | Src:Rise| Src:Fall| Src:Rise| Src:Fall|
Source Clock               |Dest:Rise|Dest:Rise|Dest:Fall|Dest:Fall|
---------------------------+---------+---------+---------+---------+
Clk_CPU                    |    2.636|    1.580|    1.938|         |
IO_clk                     |         |    0.693|         |         |
U1/mips/my_alu/Mram__n0204 |         |    1.536|         |         |
U1/mips/my_alu/Mram__n02041|         |    0.783|         |         |
U8/clkdiv_8                |    0.824|         |         |         |
clk_100mhz                 |    0.997|         |    1.287|         |
---------------------------+---------+---------+---------+---------+

Clock to Setup on destination clock IO_clk
----------------------------------------------------+---------+---------+---------+---------+
                                                    | Src:Rise| Src:Fall| Src:Rise| Src:Fall|
Source Clock                                        |Dest:Rise|Dest:Rise|Dest:Fall|Dest:Fall|
----------------------------------------------------+---------+---------+---------+---------+
Clk_CPU                                             |    2.108|         |    2.001|         |
IO_clk                                              |    1.876|    1.275|         |         |
U1/mips/my_dm_input_sel/DMSource[1]_GND_12_o_Mux_2_o|         |    1.145|    0.735|         |
U8/clkdiv_8                                         |    0.806|         |         |         |
clk_100mhz                                          |    1.633|         |    1.414|         |
----------------------------------------------------+---------+---------+---------+---------+

Clock to Setup on destination clock M4/push
---------------+---------+---------+---------+---------+
               | Src:Rise| Src:Fall| Src:Rise| Src:Fall|
Source Clock   |Dest:Rise|Dest:Rise|Dest:Fall|Dest:Fall|
---------------+---------+---------+---------+---------+
M4/push        |    1.069|         |         |         |
U9/clk1        |    0.818|         |         |         |
clk_100mhz     |    1.340|         |         |         |
---------------+---------+---------+---------+---------+

Clock to Setup on destination clock U1/mips/my_alu/Mram__n0204
----------------------------------------+---------+---------+---------+---------+
                                        | Src:Rise| Src:Fall| Src:Rise| Src:Fall|
Source Clock                            |Dest:Rise|Dest:Rise|Dest:Fall|Dest:Fall|
----------------------------------------+---------+---------+---------+---------+
Clk_CPU                                 |         |         |    6.771|         |
U1/mips/my_ext/EXTOp[1]_GND_48_o_Mux_2_o|         |         |    5.293|         |
----------------------------------------+---------+---------+---------+---------+

Clock to Setup on destination clock U1/mips/my_alu/Mram__n02041
----------------------------------------+---------+---------+---------+---------+
                                        | Src:Rise| Src:Fall| Src:Rise| Src:Fall|
Source Clock                            |Dest:Rise|Dest:Rise|Dest:Fall|Dest:Fall|
----------------------------------------+---------+---------+---------+---------+
Clk_CPU                                 |         |         |    7.425|         |
U1/mips/my_ext/EXTOp[1]_GND_48_o_Mux_2_o|         |         |    5.816|         |
----------------------------------------+---------+---------+---------+---------+

Clock to Setup on destination clock U1/mips/my_dm_input_sel/DMSource[1]_GND_12_o_Mux_2_o
---------------+---------+---------+---------+---------+
               | Src:Rise| Src:Fall| Src:Rise| Src:Fall|
Source Clock   |Dest:Rise|Dest:Rise|Dest:Fall|Dest:Fall|
---------------+---------+---------+---------+---------+
Clk_CPU        |         |         |    2.355|         |
---------------+---------+---------+---------+---------+

Clock to Setup on destination clock U1/mips/my_ext/EXTOp[1]_GND_48_o_Mux_2_o
---------------+---------+---------+---------+---------+
               | Src:Rise| Src:Fall| Src:Rise| Src:Fall|
Source Clock   |Dest:Rise|Dest:Rise|Dest:Fall|Dest:Fall|
---------------+---------+---------+---------+---------+
Clk_CPU        |         |         |    0.869|         |
---------------+---------+---------+---------+---------+

Clock to Setup on destination clock U8/clkdiv_8
---------------+---------+---------+---------+---------+
               | Src:Rise| Src:Fall| Src:Rise| Src:Fall|
Source Clock   |Dest:Rise|Dest:Rise|Dest:Fall|Dest:Fall|
---------------+---------+---------+---------+---------+
IO_clk         |    2.133|         |         |         |
U8/clkdiv_8    |    2.221|         |         |         |
clk_100mhz     |    1.535|         |         |         |
---------------+---------+---------+---------+---------+

Clock to Setup on destination clock U9/clk1
---------------+---------+---------+---------+---------+
               | Src:Rise| Src:Fall| Src:Rise| Src:Fall|
Source Clock   |Dest:Rise|Dest:Rise|Dest:Fall|Dest:Fall|
---------------+---------+---------+---------+---------+
U9/clk1        |    2.152|         |         |         |
clk_100mhz     |    1.292|         |         |         |
---------------+---------+---------+---------+---------+

Clock to Setup on destination clock clk_100mhz
----------------------------------------------------+---------+---------+---------+---------+
                                                    | Src:Rise| Src:Fall| Src:Rise| Src:Fall|
Source Clock                                        |Dest:Rise|Dest:Rise|Dest:Fall|Dest:Fall|
----------------------------------------------------+---------+---------+---------+---------+
Clk_CPU                                             |    6.381|         |         |         |
IO_clk                                              |    4.153|    4.790|         |         |
M4/push                                             |    1.928|         |         |         |
U1/mips/my_dm_input_sel/DMSource[1]_GND_12_o_Mux_2_o|         |    4.316|         |         |
U8/clkdiv_8                                         |    4.915|         |         |         |
U9/clk1                                             |    1.100|         |         |         |
clk_100mhz                                          |    4.920|         |         |         |
----------------------------------------------------+---------+---------+---------+---------+

=========================================================================


Total REAL time to Xst completion: 20.00 secs
Total CPU time to Xst completion: 20.76 secs
 
--> 

Total memory usage is 461628 kilobytes

Number of errors   :    0 (   0 filtered)
Number of warnings :  209 (   0 filtered)
Number of infos    :   11 (   0 filtered)

